<?xml version="1.0" encoding="UTF-8"?>
<testng-results ignored="0" total="1" passed="1" failed="0" skipped="0">
  <reporter-output>
  </reporter-output>
  <suite started-at="2022-01-06T21:32:51 MSK" name="All Test Suite" finished-at="2022-01-06T21:32:59 MSK" duration-ms="8118">
    <groups>
    </groups>
    <test started-at="2022-01-06T21:32:51 MSK" name="C:/Users/mvolkov/IdeaProjects/test_komus" finished-at="2022-01-06T21:32:59 MSK" duration-ms="8118">
      <class name="tests.searchItem.SearchItem">
        <test-method signature="checkIsRegionChange()[pri:0, instance:tests.searchItem.SearchItem@4cfcac13]" started-at="2022-01-06T21:32:51 MSK" name="checkIsRegionChange" finished-at="2022-01-06T21:32:59 MSK" duration-ms="7728" status="PASS">
          <reporter-output>
          </reporter-output>
        </test-method> <!-- checkIsRegionChange -->
        <test-method is-config="true" signature="clearCookiesAndLocalStorage()[pri:0, instance:tests.searchItem.SearchItem@4cfcac13]" started-at="2022-01-06T21:32:59 MSK" name="clearCookiesAndLocalStorage" finished-at="2022-01-06T21:32:59 MSK" duration-ms="191" status="PASS">
          <reporter-output>
          </reporter-output>
        </test-method> <!-- clearCookiesAndLocalStorage -->
        <test-method is-config="true" signature="close()[pri:0, instance:tests.searchItem.SearchItem@4cfcac13]" started-at="2022-01-06T21:32:59 MSK" name="close" finished-at="2022-01-06T21:32:59 MSK" duration-ms="5" status="PASS">
          <reporter-output>
          </reporter-output>
        </test-method> <!-- close -->
      </class> <!-- tests.searchItem.SearchItem -->
    </test> <!-- C:/Users/mvolkov/IdeaProjects/test_komus -->
  </suite> <!-- All Test Suite -->
</testng-results>
